2015-11-10 15:26:56 10fc InnoDB: Warning: Using innodb_additional_mem_pool_size is DEPRECATED. This option may be removed in future releases, together with the option innodb_use_sys_malloc and with the InnoDB's internal memory allocator.
2015-11-10 15:26:56 4348 [Note] InnoDB: Using mutexes to ref count buffer pool pages
2015-11-10 15:26:56 4348 [Note] InnoDB: The InnoDB memory heap is disabled
2015-11-10 15:26:56 4348 [Note] InnoDB: Mutexes and rw_locks use Windows interlocked functions
2015-11-10 15:26:56 4348 [Note] InnoDB: Memory barrier is not used
2015-11-10 15:26:56 4348 [Note] InnoDB: Compressed tables use zlib 1.2.3
2015-11-10 15:26:56 4348 [Note] InnoDB: Not using CPU crc32 instructions
2015-11-10 15:26:56 4348 [Note] InnoDB: Initializing buffer pool, size = 16.0M
2015-11-10 15:26:56 4348 [Note] InnoDB: Completed initialization of buffer pool
2015-11-10 15:26:56 4348 [Note] InnoDB: Highest supported file format is Barracuda.
2015-11-10 15:26:57 4348 [Note] InnoDB: 128 rollback segment(s) are active.
2015-11-10 15:26:57 4348 [Note] InnoDB: Waiting for purge to start
2015-11-10 15:26:57 4348 [Note] InnoDB:  Percona XtraDB (http://www.percona.com) 5.6.26-74.0 started; log sequence number 1835027
2015-11-10 15:26:57 6140 [Note] InnoDB: Dumping buffer pool(s) not yet started
2015-11-10 15:26:57 4348 [Note] Plugin 'FEEDBACK' is disabled.
2015-11-10 15:26:57 4348 [Note] Server socket created on IP: '::'.
2015-11-10 15:26:57 4348 [Note] Event Scheduler: Loaded 0 events
2015-11-10 15:26:57 4348 [Note] C:\xampp\mysql\bin\mysqld.exe: ready for connections.
Version: '10.1.8-MariaDB'  socket: ''  port: 3306  mariadb.org binary distribution
2015-11-10 15:27:11 5152 [Note] C:\xampp\mysql\bin\mysqld.exe: Normal shutdown

2015-11-10 15:27:11 5152 [Note] Event Scheduler: Purging the queue. 0 events
2015-11-10 15:27:11 5732 [Note] InnoDB: FTS optimize thread exiting.
2015-11-10 15:27:11 5152 [Note] InnoDB: Starting shutdown...
2015-11-10 15:27:13 5152 [Note] InnoDB: Shutdown completed; log sequence number 1835037
2015-11-10 15:27:13 5152 [Note] C:\xampp\mysql\bin\mysqld.exe: Shutdown complete

2018-01-24 22:01:03 41e4 InnoDB: Warning: Using innodb_additional_mem_pool_size is DEPRECATED. This option may be removed in future releases, together with the option innodb_use_sys_malloc and with the InnoDB's internal memory allocator.
2018-01-24 22:01:03 16868 [Note] InnoDB: innodb_empty_free_list_algorithm has been changed to legacy because of small buffer pool size. In order to use backoff, increase buffer pool at least up to 20MB.

2018-01-24 22:01:03 16868 [Note] InnoDB: Using mutexes to ref count buffer pool pages
2018-01-24 22:01:03 16868 [Note] InnoDB: The InnoDB memory heap is disabled
2018-01-24 22:01:03 16868 [Note] InnoDB: Mutexes and rw_locks use Windows interlocked functions
2018-01-24 22:01:03 16868 [Note] InnoDB: _mm_lfence() and _mm_sfence() are used for memory barrier
2018-01-24 22:01:03 16868 [Note] InnoDB: Compressed tables use zlib 1.2.3
2018-01-24 22:01:03 16868 [Note] InnoDB: Using generic crc32 instructions
2018-01-24 22:01:03 16868 [Note] InnoDB: Initializing buffer pool, size = 16.0M
2018-01-24 22:01:03 16868 [Note] InnoDB: Completed initialization of buffer pool
2018-01-24 22:01:04 16868 [Note] InnoDB: Highest supported file format is Barracuda.
2018-01-24 22:01:04 16868 [Note] InnoDB: 128 rollback segment(s) are active.
2018-01-24 22:01:04 16868 [Note] InnoDB: Waiting for purge to start
2018-01-24 22:01:04 16868 [Note] InnoDB:  Percona XtraDB (http://www.percona.com) 5.6.36-82.2 started; log sequence number 1835037
2018-01-24 22:01:04 10792 [Note] InnoDB: Dumping buffer pool(s) not yet started
2018-01-24 22:01:04 16868 [Note] Plugin 'FEEDBACK' is disabled.
2018-01-24 22:01:04 16868 [Note] Server socket created on IP: '::'.
2018-01-24 22:01:04 16868 [Note] c:\xampp\mysql\bin\mysqld.exe: ready for connections.
Version: '10.1.30-MariaDB'  socket: ''  port: 3306  mariadb.org binary distribution
2018-01-25 13:43:31 54b0 InnoDB: Warning: Using innodb_additional_mem_pool_size is DEPRECATED. This option may be removed in future releases, together with the option innodb_use_sys_malloc and with the InnoDB's internal memory allocator.
2018-01-25 13:43:31 21680 [Note] InnoDB: innodb_empty_free_list_algorithm has been changed to legacy because of small buffer pool size. In order to use backoff, increase buffer pool at least up to 20MB.

2018-01-25 13:43:31 21680 [Note] InnoDB: Using mutexes to ref count buffer pool pages
2018-01-25 13:43:31 21680 [Note] InnoDB: The InnoDB memory heap is disabled
2018-01-25 13:43:31 21680 [Note] InnoDB: Mutexes and rw_locks use Windows interlocked functions
2018-01-25 13:43:31 21680 [Note] InnoDB: _mm_lfence() and _mm_sfence() are used for memory barrier
2018-01-25 13:43:31 21680 [Note] InnoDB: Compressed tables use zlib 1.2.3
2018-01-25 13:43:31 21680 [Note] InnoDB: Using generic crc32 instructions
2018-01-25 13:43:31 21680 [Note] InnoDB: Initializing buffer pool, size = 16.0M
2018-01-25 13:43:31 21680 [Note] InnoDB: Completed initialization of buffer pool
2018-01-25 13:43:31 21680 [Note] InnoDB: Highest supported file format is Barracuda.
2018-01-25 13:43:31 21680 [Note] InnoDB: The log sequence number 1835037 in ibdata file do not match the log sequence number 1871953 in the ib_logfiles!
2018-01-25 13:43:31 21680 [Note] InnoDB: Restoring possible half-written data pages from the doublewrite buffer...
2018-01-25 13:43:31 21680 [Note] InnoDB: 128 rollback segment(s) are active.
2018-01-25 13:43:31 21680 [Note] InnoDB: Waiting for purge to start
2018-01-25 13:43:31 21680 [Note] InnoDB:  Percona XtraDB (http://www.percona.com) 5.6.36-82.2 started; log sequence number 1871953
2018-01-25 13:43:32 21884 [Note] InnoDB: Dumping buffer pool(s) not yet started
2018-01-25 13:43:32 21680 [Note] Plugin 'FEEDBACK' is disabled.
2018-01-25 13:43:32 21680 [Note] Server socket created on IP: '::'.
2018-01-25 13:43:32 21680 [ERROR] mysqld.exe: Table '.\mysql\user' is marked as crashed and should be repaired
2018-01-25 13:43:32 21680 [Warning] Checking table:   '.\mysql\user'
2018-01-25 13:43:32 21680 [ERROR] mysql.user: 1 client is using or hasn't closed the table properly
2018-01-25 13:43:32 21680 [Note] c:\xampp\mysql\bin\mysqld.exe: ready for connections.
Version: '10.1.30-MariaDB'  socket: ''  port: 3306  mariadb.org binary distribution
2018-01-26  1:31:53 5300 [ERROR] Incorrect definition of table mysql.column_stats: expected column 'min_value' at position 3 to have type varbinary(255), found type varchar(255).
2018-01-26  1:31:53 5300 [ERROR] Incorrect definition of table mysql.column_stats: expected column 'max_value' at position 4 to have type varbinary(255), found type varchar(255).
2018-01-26  1:32:36 12120 [ERROR] Incorrect definition of table mysql.column_stats: expected column 'min_value' at position 3 to have type varbinary(255), found type varchar(255).
2018-01-26  1:32:36 12120 [ERROR] Incorrect definition of table mysql.column_stats: expected column 'max_value' at position 4 to have type varbinary(255), found type varchar(255).
2018-01-26 22:16:28 1904 InnoDB: Warning: Using innodb_additional_mem_pool_size is DEPRECATED. This option may be removed in future releases, together with the option innodb_use_sys_malloc and with the InnoDB's internal memory allocator.
2018-01-26 22:16:28 6404 [Note] InnoDB: innodb_empty_free_list_algorithm has been changed to legacy because of small buffer pool size. In order to use backoff, increase buffer pool at least up to 20MB.

2018-01-26 22:16:28 6404 [Note] InnoDB: Using mutexes to ref count buffer pool pages
2018-01-26 22:16:28 6404 [Note] InnoDB: The InnoDB memory heap is disabled
2018-01-26 22:16:28 6404 [Note] InnoDB: Mutexes and rw_locks use Windows interlocked functions
2018-01-26 22:16:28 6404 [Note] InnoDB: _mm_lfence() and _mm_sfence() are used for memory barrier
2018-01-26 22:16:28 6404 [Note] InnoDB: Compressed tables use zlib 1.2.3
2018-01-26 22:16:28 6404 [Note] InnoDB: Using generic crc32 instructions
2018-01-26 22:16:28 6404 [Note] InnoDB: Initializing buffer pool, size = 16.0M
2018-01-26 22:16:28 6404 [Note] InnoDB: Completed initialization of buffer pool
2018-01-26 22:16:28 6404 [Note] InnoDB: Highest supported file format is Barracuda.
2018-01-26 22:16:28 6404 [Note] InnoDB: The log sequence number 1835037 in ibdata file do not match the log sequence number 2074151 in the ib_logfiles!
2018-01-26 22:16:28 6404 [Note] InnoDB: Restoring possible half-written data pages from the doublewrite buffer...
2018-01-26 22:16:28 6404 [Note] InnoDB: 128 rollback segment(s) are active.
2018-01-26 22:16:28 6404 [Note] InnoDB: Waiting for purge to start
2018-01-26 22:16:29 6404 [Note] InnoDB:  Percona XtraDB (http://www.percona.com) 5.6.36-82.2 started; log sequence number 2074151
2018-01-26 22:16:29 21144 [Note] InnoDB: Dumping buffer pool(s) not yet started
2018-01-26 22:16:29 6404 [Note] Plugin 'FEEDBACK' is disabled.
2018-01-26 22:16:29 6404 [Note] Server socket created on IP: '::'.
2018-01-26 22:16:29 6404 [Note] c:\xampp\mysql\bin\mysqld.exe: ready for connections.
Version: '10.1.30-MariaDB'  socket: ''  port: 3306  mariadb.org binary distribution
2018-01-27 01:13:04 1080 InnoDB: Warning: Using innodb_additional_mem_pool_size is DEPRECATED. This option may be removed in future releases, together with the option innodb_use_sys_malloc and with the InnoDB's internal memory allocator.
2018-01-27  1:13:04 4224 [Note] InnoDB: innodb_empty_free_list_algorithm has been changed to legacy because of small buffer pool size. In order to use backoff, increase buffer pool at least up to 20MB.

2018-01-27  1:13:04 4224 [Note] InnoDB: Using mutexes to ref count buffer pool pages
2018-01-27  1:13:04 4224 [Note] InnoDB: The InnoDB memory heap is disabled
2018-01-27  1:13:04 4224 [Note] InnoDB: Mutexes and rw_locks use Windows interlocked functions
2018-01-27  1:13:04 4224 [Note] InnoDB: _mm_lfence() and _mm_sfence() are used for memory barrier
2018-01-27  1:13:04 4224 [Note] InnoDB: Compressed tables use zlib 1.2.3
2018-01-27  1:13:04 4224 [Note] InnoDB: Using generic crc32 instructions
2018-01-27  1:13:04 4224 [Note] InnoDB: Initializing buffer pool, size = 16.0M
2018-01-27  1:13:04 4224 [Note] InnoDB: Completed initialization of buffer pool
2018-01-27  1:13:04 4224 [Note] InnoDB: Highest supported file format is Barracuda.
2018-01-27  1:13:04 4224 [Note] InnoDB: The log sequence number 1835037 in ibdata file do not match the log sequence number 2271037 in the ib_logfiles!
2018-01-27  1:13:04 4224 [Note] InnoDB: Restoring possible half-written data pages from the doublewrite buffer...
2018-01-27  1:13:04 4224 [Note] InnoDB: 128 rollback segment(s) are active.
2018-01-27  1:13:04 4224 [Note] InnoDB: Waiting for purge to start
2018-01-27  1:13:04 4224 [Note] InnoDB:  Percona XtraDB (http://www.percona.com) 5.6.36-82.2 started; log sequence number 2271037
2018-01-27  1:13:04 8980 [Note] InnoDB: Dumping buffer pool(s) not yet started
2018-01-27  1:13:04 4224 [Note] Plugin 'FEEDBACK' is disabled.
2018-01-27  1:13:04 4224 [Note] Server socket created on IP: '::'.
2018-01-27  1:13:04 4224 [Note] c:\xampp\mysql\bin\mysqld.exe: ready for connections.
Version: '10.1.30-MariaDB'  socket: ''  port: 3306  mariadb.org binary distribution
2018-01-28 21:35:55 54e4 InnoDB: Warning: Using innodb_additional_mem_pool_size is DEPRECATED. This option may be removed in future releases, together with the option innodb_use_sys_malloc and with the InnoDB's internal memory allocator.
2018-01-28 21:35:55 21732 [Note] InnoDB: innodb_empty_free_list_algorithm has been changed to legacy because of small buffer pool size. In order to use backoff, increase buffer pool at least up to 20MB.

2018-01-28 21:35:55 21732 [Note] InnoDB: Using mutexes to ref count buffer pool pages
2018-01-28 21:35:55 21732 [Note] InnoDB: The InnoDB memory heap is disabled
2018-01-28 21:35:55 21732 [Note] InnoDB: Mutexes and rw_locks use Windows interlocked functions
2018-01-28 21:35:55 21732 [Note] InnoDB: _mm_lfence() and _mm_sfence() are used for memory barrier
2018-01-28 21:35:55 21732 [Note] InnoDB: Compressed tables use zlib 1.2.3
2018-01-28 21:35:55 21732 [Note] InnoDB: Using generic crc32 instructions
2018-01-28 21:35:55 21732 [Note] InnoDB: Initializing buffer pool, size = 16.0M
2018-01-28 21:35:55 21732 [Note] InnoDB: Completed initialization of buffer pool
2018-01-28 21:35:55 21732 [Note] InnoDB: Highest supported file format is Barracuda.
2018-01-28 21:35:55 21732 [Note] InnoDB: The log sequence number 1835037 in ibdata file do not match the log sequence number 2316134 in the ib_logfiles!
2018-01-28 21:35:55 21732 [Note] InnoDB: Restoring possible half-written data pages from the doublewrite buffer...
2018-01-28 21:35:55 21732 [Note] InnoDB: 128 rollback segment(s) are active.
2018-01-28 21:35:55 21732 [Note] InnoDB: Waiting for purge to start
2018-01-28 21:35:55 21732 [Note] InnoDB:  Percona XtraDB (http://www.percona.com) 5.6.36-82.2 started; log sequence number 2316134
2018-01-28 21:35:55 22476 [Note] InnoDB: Dumping buffer pool(s) not yet started
2018-01-28 21:35:55 21732 [Note] Plugin 'FEEDBACK' is disabled.
2018-01-28 21:35:55 21732 [Note] Server socket created on IP: '::'.
2018-01-28 21:35:55 21732 [Note] c:\xampp\mysql\bin\mysqld.exe: ready for connections.
Version: '10.1.30-MariaDB'  socket: ''  port: 3306  mariadb.org binary distribution
2018-01-29 04:31:50 4894 InnoDB: Warning: Using innodb_additional_mem_pool_size is DEPRECATED. This option may be removed in future releases, together with the option innodb_use_sys_malloc and with the InnoDB's internal memory allocator.
2018-01-29  4:31:50 18580 [Note] InnoDB: innodb_empty_free_list_algorithm has been changed to legacy because of small buffer pool size. In order to use backoff, increase buffer pool at least up to 20MB.

2018-01-29  4:31:50 18580 [Note] InnoDB: Using mutexes to ref count buffer pool pages
2018-01-29  4:31:50 18580 [Note] InnoDB: The InnoDB memory heap is disabled
2018-01-29  4:31:50 18580 [Note] InnoDB: Mutexes and rw_locks use Windows interlocked functions
2018-01-29  4:31:50 18580 [Note] InnoDB: _mm_lfence() and _mm_sfence() are used for memory barrier
2018-01-29  4:31:50 18580 [Note] InnoDB: Compressed tables use zlib 1.2.3
2018-01-29  4:31:50 18580 [Note] InnoDB: Using generic crc32 instructions
2018-01-29  4:31:50 18580 [Note] InnoDB: Initializing buffer pool, size = 16.0M
2018-01-29  4:31:50 18580 [Note] InnoDB: Completed initialization of buffer pool
2018-01-29  4:31:50 18580 [Note] InnoDB: Highest supported file format is Barracuda.
2018-01-29  4:31:50 18580 [Note] InnoDB: The log sequence number 1835037 in ibdata file do not match the log sequence number 3591553 in the ib_logfiles!
2018-01-29  4:31:50 18580 [Note] InnoDB: Restoring possible half-written data pages from the doublewrite buffer...
2018-01-29  4:31:50 18580 [Note] InnoDB: 128 rollback segment(s) are active.
2018-01-29  4:31:50 18580 [Note] InnoDB: Waiting for purge to start
2018-01-29  4:31:50 18580 [Note] InnoDB:  Percona XtraDB (http://www.percona.com) 5.6.36-82.2 started; log sequence number 3591553
2018-01-29  4:31:50 16608 [Note] InnoDB: Dumping buffer pool(s) not yet started
2018-01-29  4:31:50 18580 [Note] Plugin 'FEEDBACK' is disabled.
2018-01-29  4:31:50 18580 [Note] Server socket created on IP: '::'.
2018-01-29  4:31:50 18580 [Note] c:\xampp\mysql\bin\mysqld.exe: ready for connections.
Version: '10.1.30-MariaDB'  socket: ''  port: 3306  mariadb.org binary distribution
